#
# A fatal error has been detected by the Java Runtime Environment:
#
#  SIGFPE (0x8) at pc=0x00000001197a3168, pid=5565, tid=8707
#
# JRE version: OpenJDK Runtime Environment (15.0.2+7) (build 15.0.2+7-27)
# Java VM: OpenJDK 64-Bit Server VM (15.0.2+7-27, mixed mode, sharing, tiered, compressed oops, g1 gc, bsd-amd64)
# Problematic frame:
# j  Opvarmning.main([Ljava/lang/String;)V+23
#
# No core dump will be written. Core dumps have been disabled. To enable core dumping, try "ulimit -c unlimited" before starting Java again
#
# If you would like to submit a bug report, please visit:
#   https://bugreport.java.com/bugreport/crash.jsp
#

---------------  S U M M A R Y ------------

Command Line: -javaagent:/Applications/IntelliJ IDEA.app/Contents/lib/idea_rt.jar=58937:/Applications/IntelliJ IDEA.app/Contents/bin -Dfile.encoding=UTF-8 Opvarmning

Host: MacBookPro17,1 x86_64 2400 MHz, 8 cores, 8G, Darwin 20.1.0
Time: Mon Aug 23 11:14:20 2021 CEST elapsed time: 0.206160 seconds (0d 0h 0m 0s)

---------------  T H R E A D  ---------------

Current thread (0x00007fb651009400):  JavaThread "main" [_thread_in_Java, id=8707, stack(0x00000003090cf000,0x00000003091cf000)]

Stack: [0x00000003090cf000,0x00000003091cf000],  sp=0x00000003091ceaa0,  free space=1022k
Native frames: (J=compiled Java code, A=aot compiled Java code, j=interpreted, Vv=VM code, C=native code)
j  Opvarmning.main([Ljava/lang/String;)V+23
v  ~StubRoutines::call_stub
V  [libjvm.dylib+0x4ae582]  _ZN9JavaCalls11call_helperEP9JavaValueRK12methodHandleP17JavaCallArgumentsP6Thread+0x2e2
V  [libjvm.dylib+0x50f169]  _ZL17jni_invoke_staticP7JNIEnv_P9JavaValueP8_jobject11JNICallTypeP10_jmethodIDP18JNI_ArgumentPusherP6Thread+0x1f9
V  [libjvm.dylib+0x51290e]  jni_CallStaticVoidMethod+0x19e
C  [libjli.dylib+0x4f3d]  JavaMain+0xc1d
C  [libjli.dylib+0x7659]  ThreadJavaMain+0x9
C  [libsystem_pthread.dylib+0x6950]  _pthread_start+0xe0
C  [libsystem_pthread.dylib+0x247b]  thread_start+0xf


siginfo: si_signo: 8 (SIGFPE), si_code: 5 (FPE_FLTINV), si_addr: 0x00000001197a3168

Register to memory mapping:

RAX=0x0 is NULL
RBX=0x000000000000006c is an unknown value
RCX=0x0 is NULL
RDX=0x0 is NULL
RSP=0x00000003091ceaa0 is pointing into the stack for thread: 0x00007fb651009400
RBP=0x00000003091ceae8 is pointing into the stack for thread: 0x00007fb651009400
RSI=0x00000003091cea38 is pointing into the stack for thread: 0x00007fb651009400
RDI=0x0000000000000001 is an unknown value
R8 ={method} {0x00000008000d4a38} 'size' '()I' in 'java/util/ArrayList'
R9 =0x00007fb64fe05fa0 points into unknown readable memory: 0x000000012f7941f0 | f0 41 79 2f 01 00 00 00
R10=0x000000010fc4b9c0: _ZN19TemplateInterpreter13_active_tableE+0x2000 in /Users/mathiasmadsen/Library/Java/JavaVirtualMachines/openjdk-15.0.2/Contents/Home/lib/server/libjvm.dylib at 0x000000010f000000
R11=0x0000000119d3b040 is at entry_point+32 in (nmethod*)0x0000000119d3ae90
R12=0x0 is NULL
R13=0x000000012f794092 is pointing into metadata
R14=0x00000003091ceb38 is pointing into the stack for thread: 0x00007fb651009400
R15=0x00007fb651009400 is a thread


Registers:
RAX=0x0000000000000000, RBX=0x000000000000006c, RCX=0x0000000000000000, RDX=0x0000000000000000
RSP=0x00000003091ceaa0, RBP=0x00000003091ceae8, RSI=0x00000003091cea38, RDI=0x0000000000000001
R8 =0x00000008000d4a38, R9 =0x00007fb64fe05fa0, R10=0x000000010fc4b9c0, R11=0x0000000119d3b040
R12=0x0000000000000000, R13=0x000000012f794092, R14=0x00000003091ceb38, R15=0x00007fb651009400
RIP=0x00000001197a3168, EFLAGS=0x0000000000000a87, ERR=0x0000000000000000
  TRAPNO=0x0000000000000000

Top of Stack: (sp=0x00000003091ceaa0)
0x00000003091ceaa0:   00000003091ceaa0 000000012f79408f
0x00000003091ceab0:   00000003091ceb38 000000012f7942b8
0x00000003091ceac0:   0000000000000000 0000000787e7dd90
0x00000003091cead0:   000000012f7941f0 0000000000000000
0x00000003091ceae0:   00000003091ceb38 00000003091ceba0
0x00000003091ceaf0:   000000011978f947 0000000000000000
0x00000003091ceb00:   0000000000000000 0000000000000000
0x00000003091ceb10:   0000000000000000 0000000000000000
0x00000003091ceb20:   0000000000000000 0000000787d79a70
0x00000003091ceb30:   0000000787e91560 0000000787e7e038
0x00000003091ceb40:   0ba32c5600001fa0 00007fb651009400
0x00000003091ceb50:   00000003091cece0 00000003091cee90
0x00000003091ceb60:   00000003091cecc8 0000000000000001
0x00000003091ceb70:   00000003091cebf8 00000003091cee98
0x00000003091ceb80:   000000000000000a 000000012f7941f0
0x00000003091ceb90:   000000011979cf40 00000003091cece8
0x00000003091ceba0:   00000003091cec80 000000010f4ae582
0x00000003091cebb0:   0000000000000001 00007fb651009400
0x00000003091cebc0:   00007fb651009400 00007fb64fe05e50
0x00000003091cebd0:   00007fb64fe05e90 00007fb64fe05ea0
0x00000003091cebe0:   00007fb64fe05f78 00000000000000d8
0x00000003091cebf0:   00007fb64fe06090 00007fb651009400
0x00000003091cec00:   00007fb64fe06ce0 000000012f7941f0
0x00000003091cec10:   0000000000000000 0000000000000000
0x00000003091cec20:   0000000000000000 0000000000000000
0x00000003091cec30:   00000003091cee90 00000002028a4e77
0x00000003091cec40:   000000011979cf40 000000000000000f
0x00000003091cec50:   0000000a51009400 00007fb651009400
0x00000003091cec60:   0000000000000008 00000003091cee90
0x00000003091cec70:   00007fb64fe05e20 00000003091cece0
0x00000003091cec80:   00000003091ced90 000000010f50f169
0x00000003091cec90:   00007fb64fe061b0 00007fb64fe061c0 

Instructions: (pc=0x00000001197a3168)
0x00000001197a3068:   84 be a7 0f 01 00 00 00 6a 00 00 00 00 00 00 00
0x00000001197a3078:   00 00 00 00 00 00 00 00 f3 0f 10 04 24 48 83 c4
0x00000001197a3088:   08 f3 0f 59 04 24 48 83 c4 08 41 0f b6 5d 01 49
0x00000001197a3098:   ff c5 49 ba c0 c9 c4 0f 01 00 00 00 41 ff 24 da
0x00000001197a30a8:   00 00 00 00 00 00 00 00 00 00 00 00 00 00 00 00
0x00000001197a30b8:   00 00 00 00 00 00 00 00 60 00 00 00 00 00 00 00
0x00000001197a30c8:   89 be a7 0f 01 00 00 00 6b 00 00 00 00 00 00 00
0x00000001197a30d8:   00 00 00 00 00 00 00 00 f2 0f 10 04 24 48 83 c4
0x00000001197a30e8:   10 f2 0f 59 04 24 48 83 c4 10 41 0f b6 5d 01 49
0x00000001197a30f8:   ff c5 49 ba c0 d1 c4 0f 01 00 00 00 41 ff 24 da
0x00000001197a3108:   00 00 00 00 00 00 00 00 00 00 00 00 00 00 00 00
0x00000001197a3118:   00 00 00 00 00 00 00 00 60 00 00 00 00 00 00 00
0x00000001197a3128:   8e be a7 0f 01 00 00 00 6c 00 00 00 00 00 00 00
0x00000001197a3138:   00 00 00 00 00 00 00 00 8b 04 24 48 83 c4 08 8b
0x00000001197a3148:   c8 8b 04 24 48 83 c4 08 81 f8 00 00 00 80 0f 85
0x00000001197a3158:   0b 00 00 00 33 d2 83 f9 ff 0f 84 03 00 00 00 99
0x00000001197a3168:   f7 f9 41 0f b6 5d 01 49 ff c5 49 ba c0 b9 c4 0f
0x00000001197a3178:   01 00 00 00 41 ff 24 da 80 00 00 00 00 00 00 00
0x00000001197a3188:   93 be a7 0f 01 00 00 00 6d 00 00 00 00 00 00 00
0x00000001197a3198:   00 00 00 00 00 00 00 00 48 8b 04 24 48 83 c4 10
0x00000001197a31a8:   48 8b c8 48 8b 04 24 48 83 c4 10 48 85 c9 0f 84
0x00000001197a31b8:   73 9a ff ff 48 3b 05 8d 39 35 f6 0f 85 0c 00 00
0x00000001197a31c8:   00 33 d2 48 83 f9 ff 0f 84 05 00 00 00 48 99 48
0x00000001197a31d8:   f7 f9 41 0f b6 5d 01 49 ff c5 49 ba c0 c1 c4 0f
0x00000001197a31e8:   01 00 00 00 41 ff 24 da 00 00 00 00 00 00 00 00
0x00000001197a31f8:   00 00 00 00 00 00 00 00 60 00 00 00 00 00 00 00
0x00000001197a3208:   98 be a7 0f 01 00 00 00 6e 00 00 00 00 00 00 00
0x00000001197a3218:   00 00 00 00 00 00 00 00 f3 0f 10 04 24 48 83 c4
0x00000001197a3228:   08 0f 28 c8 f3 0f 10 04 24 48 83 c4 08 f3 0f 5e
0x00000001197a3238:   c1 41 0f b6 5d 01 49 ff c5 49 ba c0 c9 c4 0f 01
0x00000001197a3248:   00 00 00 41 ff 24 da 90 00 00 00 00 00 00 00 00
0x00000001197a3258:   00 00 00 00 00 00 00 00 60 00 00 00 00 00 00 00 


Stack slot to memory mapping:
stack at sp + 0 slots: 0x00000003091ceaa0 is pointing into the stack for thread: 0x00007fb651009400
stack at sp + 1 slots: 0x000000012f79408f is pointing into metadata
stack at sp + 2 slots: 0x00000003091ceb38 is pointing into the stack for thread: 0x00007fb651009400
stack at sp + 3 slots: 0x000000012f7942b8 is pointing into metadata
stack at sp + 4 slots: 0x0 is NULL
stack at sp + 5 slots: 0x0000000787e7dd90 is an oop: java.lang.Class 
{0x0000000787e7dd90} - klass: 'java/lang/Class'
stack at sp + 6 slots: {method} {0x000000012f7941f0} 'main' '([Ljava/lang/String;)V' in 'Opvarmning'
stack at sp + 7 slots: 0x0 is NULL

idiv  108 idiv  [0x00000001197a3140, 0x00000001197a3180]  64 bytes
[MachCode]
  0x00000001197a3140: 8b04 2448 | 83c4 088b | c88b 0424 | 4883 c408 | 81f8 0000 | 0080 0f85 | 0b00 0000 | 33d2 83f9 
  0x00000001197a3160: ff0f 8403 | 0000 0099 | f7f9 410f | b65d 0149 | ffc5 49ba | c0b9 c40f | 0100 0000 | 41ff 24da 
[/MachCode]

---------------  P R O C E S S  ---------------

Threads class SMR info:
_java_thread_list=0x00007fb63ff05de0, length=11, elements={
0x00007fb651009400, 0x00007fb65100a000, 0x00007fb651008c00, 0x00007fb651017000,
0x00007fb65000de00, 0x00007fb651019400, 0x00007fb65100a600, 0x00007fb65180d400,
0x00007fb651015a00, 0x00007fb608010200, 0x00007fb6518b1600
}

Java Threads: ( => current thread )
=>0x00007fb651009400 JavaThread "main" [_thread_in_Java, id=8707, stack(0x00000003090cf000,0x00000003091cf000)]
  0x00007fb65100a000 JavaThread "Reference Handler" daemon [_thread_blocked, id=16643, stack(0x00000003097e4000,0x00000003098e4000)]
  0x00007fb651008c00 JavaThread "Finalizer" daemon [_thread_blocked, id=43011, stack(0x00000003098e7000,0x00000003099e7000)]
  0x00007fb651017000 JavaThread "Signal Dispatcher" daemon [_thread_blocked, id=40707, stack(0x0000000309afb000,0x0000000309bfb000)]
  0x00007fb65000de00 JavaThread "Service Thread" daemon [_thread_blocked, id=39683, stack(0x0000000309bfe000,0x0000000309cfe000)]
  0x00007fb651019400 JavaThread "C2 CompilerThread0" daemon [_thread_blocked, id=25347, stack(0x0000000309d01000,0x0000000309e01000)]
  0x00007fb65100a600 JavaThread "C1 CompilerThread0" daemon [_thread_blocked, id=38403, stack(0x0000000309e04000,0x0000000309f04000)]
  0x00007fb65180d400 JavaThread "Sweeper thread" daemon [_thread_blocked, id=37379, stack(0x0000000309f07000,0x000000030a007000)]
  0x00007fb651015a00 JavaThread "Common-Cleaner" daemon [_thread_blocked, id=36355, stack(0x000000030a00a000,0x000000030a10a000)]
  0x00007fb608010200 JavaThread "Monitor Ctrl-Break" daemon [_thread_in_native, id=35331, stack(0x000000030a10d000,0x000000030a20d000)]
  0x00007fb6518b1600 JavaThread "Notification Thread" daemon [_thread_blocked, id=26883, stack(0x000000030a210000,0x000000030a310000)]

Other Threads:
  0x00007fb64ff3bd10 VMThread "VM Thread" [stack: 0x00000003096e1000,0x00000003097e1000] [id=17667]
  0x00007fb64ff5b8f0 WatcherThread [stack: 0x000000030a313000,0x000000030a413000] [id=33795]
  0x00007fb64ff10100 GCTaskThread "GC Thread#0" [stack: 0x00000003091d2000,0x00000003092d2000] [id=18691]
  0x00007fb64ff112d0 ConcurrentGCThread "G1 Main Marker" [stack: 0x00000003092d5000,0x00000003093d5000] [id=14083]
  0x00007fb64ff123d0 ConcurrentGCThread "G1 Conc#0" [stack: 0x00000003093d8000,0x00000003094d8000] [id=14851]
  0x00007fb64ff2efe0 ConcurrentGCThread "G1 Refine#0" [stack: 0x00000003094db000,0x00000003095db000] [id=15619]
  0x00007fb64ff30090 ConcurrentGCThread "G1 Young RemSet Sampling" [stack: 0x00000003095de000,0x00000003096de000] [id=15875]

Threads with active compile tasks:

VM state: not at safepoint (normal execution)

VM Mutex/Monitor currently owned by a thread: None

Heap address: 0x0000000780000000, size: 2048 MB, Compressed Oops mode: Zero based, Oop shift amount: 3
CDS archive(s) mapped at: [0x0000000800000000-0x0000000800b2b000-0x0000000800b2b000), size 11710464, SharedBaseAddress: 0x0000000800000000, ArchiveRelocationMode: 0.
Compressed class space mapped at: 0x0000000800b2c000-0x0000000840b2c000, size: 1073741824
Narrow klass base: 0x0000000800000000, Narrow klass shift: 3, Narrow klass range: 0x100000000

GC Precious Log:
 CPUs: 8 total, 8 available
 Memory: 8192M
 Large Page Support: Disabled
 NUMA Support: Disabled
 Compressed Oops: Enabled (Zero based)
 Heap Region Size: 1M
 Heap Min Capacity: 8M
 Heap Initial Capacity: 128M
 Heap Max Capacity: 2G
 Pre-touch: Disabled
 Parallel Workers: 8
 Concurrent Workers: 2
 Concurrent Refinement Workers: 8
 Periodic GC: Disabled

Heap:
 garbage-first heap   total 133120K, used 2856K [0x0000000780000000, 0x0000000800000000)
  region size 1024K, 3 young (3072K), 0 survivors (0K)
 Metaspace       used 1042K, capacity 4586K, committed 4864K, reserved 1056768K
  class space    used 105K, capacity 394K, committed 512K, reserved 1048576K

Heap Regions: E=young(eden), S=young(survivor), O=old, HS=humongous(starts), HC=humongous(continues), CS=collection set, F=free, OA=open archive, CA=closed archive, TAMS=top-at-mark-start (previous, next)
|   0|0x0000000780000000, 0x0000000780000000, 0x0000000780100000|  0%| F|  |TAMS 0x0000000780000000, 0x0000000780000000| Untracked 
|   1|0x0000000780100000, 0x0000000780100000, 0x0000000780200000|  0%| F|  |TAMS 0x0000000780100000, 0x0000000780100000| Untracked 
|   2|0x0000000780200000, 0x0000000780200000, 0x0000000780300000|  0%| F|  |TAMS 0x0000000780200000, 0x0000000780200000| Untracked 
|   3|0x0000000780300000, 0x0000000780300000, 0x0000000780400000|  0%| F|  |TAMS 0x0000000780300000, 0x0000000780300000| Untracked 
|   4|0x0000000780400000, 0x0000000780400000, 0x0000000780500000|  0%| F|  |TAMS 0x0000000780400000, 0x0000000780400000| Untracked 
|   5|0x0000000780500000, 0x0000000780500000, 0x0000000780600000|  0%| F|  |TAMS 0x0000000780500000, 0x0000000780500000| Untracked 
|   6|0x0000000780600000, 0x0000000780600000, 0x0000000780700000|  0%| F|  |TAMS 0x0000000780600000, 0x0000000780600000| Untracked 
|   7|0x0000000780700000, 0x0000000780700000, 0x0000000780800000|  0%| F|  |TAMS 0x0000000780700000, 0x0000000780700000| Untracked 
|   8|0x0000000780800000, 0x0000000780800000, 0x0000000780900000|  0%| F|  |TAMS 0x0000000780800000, 0x0000000780800000| Untracked 
|   9|0x0000000780900000, 0x0000000780900000, 0x0000000780a00000|  0%| F|  |TAMS 0x0000000780900000, 0x0000000780900000| Untracked 
|  10|0x0000000780a00000, 0x0000000780a00000, 0x0000000780b00000|  0%| F|  |TAMS 0x0000000780a00000, 0x0000000780a00000| Untracked 
|  11|0x0000000780b00000, 0x0000000780b00000, 0x0000000780c00000|  0%| F|  |TAMS 0x0000000780b00000, 0x0000000780b00000| Untracked 
|  12|0x0000000780c00000, 0x0000000780c00000, 0x0000000780d00000|  0%| F|  |TAMS 0x0000000780c00000, 0x0000000780c00000| Untracked 
|  13|0x0000000780d00000, 0x0000000780d00000, 0x0000000780e00000|  0%| F|  |TAMS 0x0000000780d00000, 0x0000000780d00000| Untracked 
|  14|0x0000000780e00000, 0x0000000780e00000, 0x0000000780f00000|  0%| F|  |TAMS 0x0000000780e00000, 0x0000000780e00000| Untracked 
|  15|0x0000000780f00000, 0x0000000780f00000, 0x0000000781000000|  0%| F|  |TAMS 0x0000000780f00000, 0x0000000780f00000| Untracked 
|  16|0x0000000781000000, 0x0000000781000000, 0x0000000781100000|  0%| F|  |TAMS 0x0000000781000000, 0x0000000781000000| Untracked 
|  17|0x0000000781100000, 0x0000000781100000, 0x0000000781200000|  0%| F|  |TAMS 0x0000000781100000, 0x0000000781100000| Untracked 
|  18|0x0000000781200000, 0x0000000781200000, 0x0000000781300000|  0%| F|  |TAMS 0x0000000781200000, 0x0000000781200000| Untracked 
|  19|0x0000000781300000, 0x0000000781300000, 0x0000000781400000|  0%| F|  |TAMS 0x0000000781300000, 0x0000000781300000| Untracked 
|  20|0x0000000781400000, 0x0000000781400000, 0x0000000781500000|  0%| F|  |TAMS 0x0000000781400000, 0x0000000781400000| Untracked 
|  21|0x0000000781500000, 0x0000000781500000, 0x0000000781600000|  0%| F|  |TAMS 0x0000000781500000, 0x0000000781500000| Untracked 
|  22|0x0000000781600000, 0x0000000781600000, 0x0000000781700000|  0%| F|  |TAMS 0x0000000781600000, 0x0000000781600000| Untracked 
|  23|0x0000000781700000, 0x0000000781700000, 0x0000000781800000|  0%| F|  |TAMS 0x0000000781700000, 0x0000000781700000| Untracked 
|  24|0x0000000781800000, 0x0000000781800000, 0x0000000781900000|  0%| F|  |TAMS 0x0000000781800000, 0x0000000781800000| Untracked 
|  25|0x0000000781900000, 0x0000000781900000, 0x0000000781a00000|  0%| F|  |TAMS 0x0000000781900000, 0x0000000781900000| Untracked 
|  26|0x0000000781a00000, 0x0000000781a00000, 0x0000000781b00000|  0%| F|  |TAMS 0x0000000781a00000, 0x0000000781a00000| Untracked 
|  27|0x0000000781b00000, 0x0000000781b00000, 0x0000000781c00000|  0%| F|  |TAMS 0x0000000781b00000, 0x0000000781b00000| Untracked 
|  28|0x0000000781c00000, 0x0000000781c00000, 0x0000000781d00000|  0%| F|  |TAMS 0x0000000781c00000, 0x0000000781c00000| Untracked 
|  29|0x0000000781d00000, 0x0000000781d00000, 0x0000000781e00000|  0%| F|  |TAMS 0x0000000781d00000, 0x0000000781d00000| Untracked 
|  30|0x0000000781e00000, 0x0000000781e00000, 0x0000000781f00000|  0%| F|  |TAMS 0x0000000781e00000, 0x0000000781e00000| Untracked 
|  31|0x0000000781f00000, 0x0000000781f00000, 0x0000000782000000|  0%| F|  |TAMS 0x0000000781f00000, 0x0000000781f00000| Untracked 
|  32|0x0000000782000000, 0x0000000782000000, 0x0000000782100000|  0%| F|  |TAMS 0x0000000782000000, 0x0000000782000000| Untracked 
|  33|0x0000000782100000, 0x0000000782100000, 0x0000000782200000|  0%| F|  |TAMS 0x0000000782100000, 0x0000000782100000| Untracked 
|  34|0x0000000782200000, 0x0000000782200000, 0x0000000782300000|  0%| F|  |TAMS 0x0000000782200000, 0x0000000782200000| Untracked 
|  35|0x0000000782300000, 0x0000000782300000, 0x0000000782400000|  0%| F|  |TAMS 0x0000000782300000, 0x0000000782300000| Untracked 
|  36|0x0000000782400000, 0x0000000782400000, 0x0000000782500000|  0%| F|  |TAMS 0x0000000782400000, 0x0000000782400000| Untracked 
|  37|0x0000000782500000, 0x0000000782500000, 0x0000000782600000|  0%| F|  |TAMS 0x0000000782500000, 0x0000000782500000| Untracked 
|  38|0x0000000782600000, 0x0000000782600000, 0x0000000782700000|  0%| F|  |TAMS 0x0000000782600000, 0x0000000782600000| Untracked 
|  39|0x0000000782700000, 0x0000000782700000, 0x0000000782800000|  0%| F|  |TAMS 0x0000000782700000, 0x0000000782700000| Untracked 
|  40|0x0000000782800000, 0x0000000782800000, 0x0000000782900000|  0%| F|  |TAMS 0x0000000782800000, 0x0000000782800000| Untracked 
|  41|0x0000000782900000, 0x0000000782900000, 0x0000000782a00000|  0%| F|  |TAMS 0x0000000782900000, 0x0000000782900000| Untracked 
|  42|0x0000000782a00000, 0x0000000782a00000, 0x0000000782b00000|  0%| F|  |TAMS 0x0000000782a00000, 0x0000000782a00000| Untracked 
|  43|0x0000000782b00000, 0x0000000782b00000, 0x0000000782c00000|  0%| F|  |TAMS 0x0000000782b00000, 0x0000000782b00000| Untracked 
|  44|0x0000000782c00000, 0x0000000782c00000, 0x0000000782d00000|  0%| F|  |TAMS 0x0000000782c00000, 0x0000000782c00000| Untracked 
|  45|0x0000000782d00000, 0x0000000782d00000, 0x0000000782e00000|  0%| F|  |TAMS 0x0000000782d00000, 0x0000000782d00000| Untracked 
|  46|0x0000000782e00000, 0x0000000782e00000, 0x0000000782f00000|  0%| F|  |TAMS 0x0000000782e00000, 0x0000000782e00000| Untracked 
|  47|0x0000000782f00000, 0x0000000782f00000, 0x0000000783000000|  0%| F|  |TAMS 0x0000000782f00000, 0x0000000782f00000| Untracked 
|  48|0x0000000783000000, 0x0000000783000000, 0x0000000783100000|  0%| F|  |TAMS 0x0000000783000000, 0x0000000783000000| Untracked 
|  49|0x0000000783100000, 0x0000000783100000, 0x0000000783200000|  0%| F|  |TAMS 0x0000000783100000, 0x0000000783100000| Untracked 
|  50|0x0000000783200000, 0x0000000783200000, 0x0000000783300000|  0%| F|  |TAMS 0x0000000783200000, 0x0000000783200000| Untracked 
|  51|0x0000000783300000, 0x0000000783300000, 0x0000000783400000|  0%| F|  |TAMS 0x0000000783300000, 0x0000000783300000| Untracked 
|  52|0x0000000783400000, 0x0000000783400000, 0x0000000783500000|  0%| F|  |TAMS 0x0000000783400000, 0x0000000783400000| Untracked 
|  53|0x0000000783500000, 0x0000000783500000, 0x0000000783600000|  0%| F|  |TAMS 0x0000000783500000, 0x0000000783500000| Untracked 
|  54|0x0000000783600000, 0x0000000783600000, 0x0000000783700000|  0%| F|  |TAMS 0x0000000783600000, 0x0000000783600000| Untracked 
|  55|0x0000000783700000, 0x0000000783700000, 0x0000000783800000|  0%| F|  |TAMS 0x0000000783700000, 0x0000000783700000| Untracked 
|  56|0x0000000783800000, 0x0000000783800000, 0x0000000783900000|  0%| F|  |TAMS 0x0000000783800000, 0x0000000783800000| Untracked 
|  57|0x0000000783900000, 0x0000000783900000, 0x0000000783a00000|  0%| F|  |TAMS 0x0000000783900000, 0x0000000783900000| Untracked 
|  58|0x0000000783a00000, 0x0000000783a00000, 0x0000000783b00000|  0%| F|  |TAMS 0x0000000783a00000, 0x0000000783a00000| Untracked 
|  59|0x0000000783b00000, 0x0000000783b00000, 0x0000000783c00000|  0%| F|  |TAMS 0x0000000783b00000, 0x0000000783b00000| Untracked 
|  60|0x0000000783c00000, 0x0000000783c00000, 0x0000000783d00000|  0%| F|  |TAMS 0x0000000783c00000, 0x0000000783c00000| Untracked 
|  61|0x0000000783d00000, 0x0000000783d00000, 0x0000000783e00000|  0%| F|  |TAMS 0x0000000783d00000, 0x0000000783d00000| Untracked 
|  62|0x0000000783e00000, 0x0000000783e00000, 0x0000000783f00000|  0%| F|  |TAMS 0x0000000783e00000, 0x0000000783e00000| Untracked 
|  63|0x0000000783f00000, 0x0000000783f00000, 0x0000000784000000|  0%| F|  |TAMS 0x0000000783f00000, 0x0000000783f00000| Untracked 
|  64|0x0000000784000000, 0x0000000784000000, 0x0000000784100000|  0%| F|  |TAMS 0x0000000784000000, 0x0000000784000000| Untracked 
|  65|0x0000000784100000, 0x0000000784100000, 0x0000000784200000|  0%| F|  |TAMS 0x0000000784100000, 0x0000000784100000| Untracked 
|  66|0x0000000784200000, 0x0000000784200000, 0x0000000784300000|  0%| F|  |TAMS 0x0000000784200000, 0x0000000784200000| Untracked 
|  67|0x0000000784300000, 0x0000000784300000, 0x0000000784400000|  0%| F|  |TAMS 0x0000000784300000, 0x0000000784300000| Untracked 
|  68|0x0000000784400000, 0x0000000784400000, 0x0000000784500000|  0%| F|  |TAMS 0x0000000784400000, 0x0000000784400000| Untracked 
|  69|0x0000000784500000, 0x0000000784500000, 0x0000000784600000|  0%| F|  |TAMS 0x0000000784500000, 0x0000000784500000| Untracked 
|  70|0x0000000784600000, 0x0000000784600000, 0x0000000784700000|  0%| F|  |TAMS 0x0000000784600000, 0x0000000784600000| Untracked 
|  71|0x0000000784700000, 0x0000000784700000, 0x0000000784800000|  0%| F|  |TAMS 0x0000000784700000, 0x0000000784700000| Untracked 
|  72|0x0000000784800000, 0x0000000784800000, 0x0000000784900000|  0%| F|  |TAMS 0x0000000784800000, 0x0000000784800000| Untracked 
|  73|0x0000000784900000, 0x0000000784900000, 0x0000000784a00000|  0%| F|  |TAMS 0x0000000784900000, 0x0000000784900000| Untracked 
|  74|0x0000000784a00000, 0x0000000784a00000, 0x0000000784b00000|  0%| F|  |TAMS 0x0000000784a00000, 0x0000000784a00000| Untracked 
|  75|0x0000000784b00000, 0x0000000784b00000, 0x0000000784c00000|  0%| F|  |TAMS 0x0000000784b00000, 0x0000000784b00000| Untracked 
|  76|0x0000000784c00000, 0x0000000784c00000, 0x0000000784d00000|  0%| F|  |TAMS 0x0000000784c00000, 0x0000000784c00000| Untracked 
|  77|0x0000000784d00000, 0x0000000784d00000, 0x0000000784e00000|  0%| F|  |TAMS 0x0000000784d00000, 0x0000000784d00000| Untracked 
|  78|0x0000000784e00000, 0x0000000784e00000, 0x0000000784f00000|  0%| F|  |TAMS 0x0000000784e00000, 0x0000000784e00000| Untracked 
|  79|0x0000000784f00000, 0x0000000784f00000, 0x0000000785000000|  0%| F|  |TAMS 0x0000000784f00000, 0x0000000784f00000| Untracked 
|  80|0x0000000785000000, 0x0000000785000000, 0x0000000785100000|  0%| F|  |TAMS 0x0000000785000000, 0x0000000785000000| Untracked 
|  81|0x0000000785100000, 0x0000000785100000, 0x0000000785200000|  0%| F|  |TAMS 0x0000000785100000, 0x0000000785100000| Untracked 
|  82|0x0000000785200000, 0x0000000785200000, 0x0000000785300000|  0%| F|  |TAMS 0x0000000785200000, 0x0000000785200000| Untracked 
|  83|0x0000000785300000, 0x0000000785300000, 0x0000000785400000|  0%| F|  |TAMS 0x0000000785300000, 0x0000000785300000| Untracked 
|  84|0x0000000785400000, 0x0000000785400000, 0x0000000785500000|  0%| F|  |TAMS 0x0000000785400000, 0x0000000785400000| Untracked 
|  85|0x0000000785500000, 0x0000000785500000, 0x0000000785600000|  0%| F|  |TAMS 0x0000000785500000, 0x0000000785500000| Untracked 
|  86|0x0000000785600000, 0x0000000785600000, 0x0000000785700000|  0%| F|  |TAMS 0x0000000785600000, 0x0000000785600000| Untracked 
|  87|0x0000000785700000, 0x0000000785700000, 0x0000000785800000|  0%| F|  |TAMS 0x0000000785700000, 0x0000000785700000| Untracked 
|  88|0x0000000785800000, 0x0000000785800000, 0x0000000785900000|  0%| F|  |TAMS 0x0000000785800000, 0x0000000785800000| Untracked 
|  89|0x0000000785900000, 0x0000000785900000, 0x0000000785a00000|  0%| F|  |TAMS 0x0000000785900000, 0x0000000785900000| Untracked 
|  90|0x0000000785a00000, 0x0000000785a00000, 0x0000000785b00000|  0%| F|  |TAMS 0x0000000785a00000, 0x0000000785a00000| Untracked 
|  91|0x0000000785b00000, 0x0000000785b00000, 0x0000000785c00000|  0%| F|  |TAMS 0x0000000785b00000, 0x0000000785b00000| Untracked 
|  92|0x0000000785c00000, 0x0000000785c00000, 0x0000000785d00000|  0%| F|  |TAMS 0x0000000785c00000, 0x0000000785c00000| Untracked 
|  93|0x0000000785d00000, 0x0000000785d00000, 0x0000000785e00000|  0%| F|  |TAMS 0x0000000785d00000, 0x0000000785d00000| Untracked 
|  94|0x0000000785e00000, 0x0000000785e00000, 0x0000000785f00000|  0%| F|  |TAMS 0x0000000785e00000, 0x0000000785e00000| Untracked 
|  95|0x0000000785f00000, 0x0000000785f00000, 0x0000000786000000|  0%| F|  |TAMS 0x0000000785f00000, 0x0000000785f00000| Untracked 
|  96|0x0000000786000000, 0x0000000786000000, 0x0000000786100000|  0%| F|  |TAMS 0x0000000786000000, 0x0000000786000000| Untracked 
|  97|0x0000000786100000, 0x0000000786100000, 0x0000000786200000|  0%| F|  |TAMS 0x0000000786100000, 0x0000000786100000| Untracked 
|  98|0x0000000786200000, 0x0000000786200000, 0x0000000786300000|  0%| F|  |TAMS 0x0000000786200000, 0x0000000786200000| Untracked 
|  99|0x0000000786300000, 0x0000000786300000, 0x0000000786400000|  0%| F|  |TAMS 0x0000000786300000, 0x0000000786300000| Untracked 
| 100|0x0000000786400000, 0x0000000786400000, 0x0000000786500000|  0%| F|  |TAMS 0x0000000786400000, 0x0000000786400000| Untracked 
| 101|0x0000000786500000, 0x0000000786500000, 0x0000000786600000|  0%| F|  |TAMS 0x0000000786500000, 0x0000000786500000| Untracked 
| 102|0x0000000786600000, 0x0000000786600000, 0x0000000786700000|  0%| F|  |TAMS 0x0000000786600000, 0x0000000786600000| Untracked 
| 103|0x0000000786700000, 0x0000000786700000, 0x0000000786800000|  0%| F|  |TAMS 0x0000000786700000, 0x0000000786700000| Untracked 
| 104|0x0000000786800000, 0x0000000786800000, 0x0000000786900000|  0%| F|  |TAMS 0x0000000786800000, 0x0000000786800000| Untracked 
| 105|0x0000000786900000, 0x0000000786900000, 0x0000000786a00000|  0%| F|  |TAMS 0x0000000786900000, 0x0000000786900000| Untracked 
| 106|0x0000000786a00000, 0x0000000786a00000, 0x0000000786b00000|  0%| F|  |TAMS 0x0000000786a00000, 0x0000000786a00000| Untracked 
| 107|0x0000000786b00000, 0x0000000786b00000, 0x0000000786c00000|  0%| F|  |TAMS 0x0000000786b00000, 0x0000000786b00000| Untracked 
| 108|0x0000000786c00000, 0x0000000786c00000, 0x0000000786d00000|  0%| F|  |TAMS 0x0000000786c00000, 0x0000000786c00000| Untracked 
| 109|0x0000000786d00000, 0x0000000786d00000, 0x0000000786e00000|  0%| F|  |TAMS 0x0000000786d00000, 0x0000000786d00000| Untracked 
| 110|0x0000000786e00000, 0x0000000786e00000, 0x0000000786f00000|  0%| F|  |TAMS 0x0000000786e00000, 0x0000000786e00000| Untracked 
| 111|0x0000000786f00000, 0x0000000786f00000, 0x0000000787000000|  0%| F|  |TAMS 0x0000000786f00000, 0x0000000786f00000| Untracked 
| 112|0x0000000787000000, 0x0000000787000000, 0x0000000787100000|  0%| F|  |TAMS 0x0000000787000000, 0x0000000787000000| Untracked 
| 113|0x0000000787100000, 0x0000000787100000, 0x0000000787200000|  0%| F|  |TAMS 0x0000000787100000, 0x0000000787100000| Untracked 
| 114|0x0000000787200000, 0x0000000787200000, 0x0000000787300000|  0%| F|  |TAMS 0x0000000787200000, 0x0000000787200000| Untracked 
| 115|0x0000000787300000, 0x0000000787300000, 0x0000000787400000|  0%| F|  |TAMS 0x0000000787300000, 0x0000000787300000| Untracked 
| 116|0x0000000787400000, 0x0000000787400000, 0x0000000787500000|  0%| F|  |TAMS 0x0000000787400000, 0x0000000787400000| Untracked 
| 117|0x0000000787500000, 0x0000000787500000, 0x0000000787600000|  0%| F|  |TAMS 0x0000000787500000, 0x0000000787500000| Untracked 
| 118|0x0000000787600000, 0x0000000787600000, 0x0000000787700000|  0%| F|  |TAMS 0x0000000787600000, 0x0000000787600000| Untracked 
| 119|0x0000000787700000, 0x0000000787700000, 0x0000000787800000|  0%| F|  |TAMS 0x0000000787700000, 0x0000000787700000| Untracked 
| 120|0x0000000787800000, 0x0000000787800000, 0x0000000787900000|  0%| F|  |TAMS 0x0000000787800000, 0x0000000787800000| Untracked 
| 121|0x0000000787900000, 0x0000000787900000, 0x0000000787a00000|  0%| F|  |TAMS 0x0000000787900000, 0x0000000787900000| Untracked 
| 122|0x0000000787a00000, 0x0000000787a00000, 0x0000000787b00000|  0%| F|  |TAMS 0x0000000787a00000, 0x0000000787a00000| Untracked 
| 123|0x0000000787b00000, 0x0000000787b00000, 0x0000000787c00000|  0%| F|  |TAMS 0x0000000787b00000, 0x0000000787b00000| Untracked 
| 124|0x0000000787c00000, 0x0000000787c00000, 0x0000000787d00000|  0%| F|  |TAMS 0x0000000787c00000, 0x0000000787c00000| Untracked 
| 125|0x0000000787d00000, 0x0000000787dee7b8, 0x0000000787e00000| 93%| E|  |TAMS 0x0000000787d00000, 0x0000000787d00000| Complete 
| 126|0x0000000787e00000, 0x0000000787f00000, 0x0000000787f00000|100%| E|CS|TAMS 0x0000000787e00000, 0x0000000787e00000| Complete 
| 127|0x0000000787f00000, 0x0000000788000000, 0x0000000788000000|100%| E|CS|TAMS 0x0000000787f00000, 0x0000000787f00000| Complete 
|1022|0x00000007bfe00000, 0x00000007bfe51000, 0x00000007bff00000| 31%|OA|  |TAMS 0x00000007bfe00000, 0x00000007bfe00000| Untracked 
|1023|0x00000007bff00000, 0x00000007bff79000, 0x00000007c0000000| 47%|CA|  |TAMS 0x00000007bff00000, 0x00000007bff00000| Untracked 

Card table byte_map: [0x0000000128b8f000,0x0000000128f8f000] _byte_map_base: 0x0000000124f8f000

Marking Bits (Prev, Next): (CMBitMap*) 0x00007fb65182bc10, (CMBitMap*) 0x00007fb65182bc50
 Prev Bits: [0x000000012938f000, 0x000000012b38f000)
 Next Bits: [0x000000012b38f000, 0x000000012d38f000)

Polling page: 0x0000000102732000

Metaspace:

Usage:
  Non-class:      4.09 MB capacity,   937.08 KB ( 22%) used,     3.18 MB ( 78%) free+waste,     1.00 KB ( <1%) overhead. 
      Class:    394.00 KB capacity,   105.04 KB ( 27%) used,   288.46 KB ( 73%) free+waste,   512 bytes ( <1%) overhead. 
       Both:      4.48 MB capacity,     1.02 MB ( 23%) used,     3.46 MB ( 77%) free+waste,     1.50 KB ( <1%) overhead. 

Virtual space:
  Non-class space:        8.00 MB reserved,       4.25 MB ( 53%) committed 
      Class space:        1.00 GB reserved,     512.00 KB ( <1%) committed 
             Both:        1.01 GB reserved,       4.75 MB ( <1%) committed 

Chunk freelists:
   Non-Class:  32.00 KB
       Class:  0 bytes
        Both:  32.00 KB

MaxMetaspaceSize: 17179869184.00 GB
CompressedClassSpaceSize: 1.00 GB

CodeHeap 'non-profiled nmethods': size=120028Kb used=77Kb max_used=77Kb free=119950Kb
 bounds [0x0000000121258000, 0x00000001214c8000, 0x000000012878f000]
CodeHeap 'profiled nmethods': size=120028Kb used=302Kb max_used=302Kb free=119725Kb
 bounds [0x0000000119d21000, 0x0000000119f91000, 0x0000000121258000]
CodeHeap 'non-nmethods': size=5704Kb used=1126Kb max_used=1140Kb free=4578Kb
 bounds [0x000000011978f000, 0x00000001199ff000, 0x0000000119d21000]
 total_blobs=630 nmethods=252 adapters=293
 compilation: enabled
              stopped_count=0, restarted_count=0
 full_count=0

Compilation events (20 events):
Event: 0.199 Thread 0x00007fb65100a600  242   !   3       java.nio.DirectByteBuffer::get (32 bytes)
Event: 0.199 Thread 0x00007fb65100a600 nmethod 242 0x0000000119d69d10 code [0x0000000119d69f00, 0x0000000119d6a380]
Event: 0.199 Thread 0x00007fb65100a600  243       3       java.nio.Buffer::nextGetIndex (30 bytes)
Event: 0.199 Thread 0x00007fb65100a600 nmethod 243 0x0000000119d6a610 code [0x0000000119d6a7c0, 0x0000000119d6a980]
Event: 0.199 Thread 0x00007fb65100a600  244       3       java.nio.DirectByteBuffer::ix (10 bytes)
Event: 0.200 Thread 0x00007fb65100a600 nmethod 244 0x0000000119d6aa90 code [0x0000000119d6ac20, 0x0000000119d6ad30]
Event: 0.200 Thread 0x00007fb65100a600  245       3       jdk.internal.misc.Unsafe::getByte (7 bytes)
Event: 0.200 Thread 0x00007fb65100a600 nmethod 245 0x0000000119d6ad90 code [0x0000000119d6af20, 0x0000000119d6b030]
Event: 0.202 Thread 0x00007fb65100a600  247       3       java.lang.reflect.Modifier::isPublic (12 bytes)
Event: 0.202 Thread 0x00007fb65100a600 nmethod 247 0x0000000119d6b090 code [0x0000000119d6b220, 0x0000000119d6b350]
Event: 0.203 Thread 0x00007fb65100a600  248       3       java.lang.Class::getName (18 bytes)
Event: 0.203 Thread 0x00007fb65100a600 nmethod 248 0x0000000119d6b410 code [0x0000000119d6b5a0, 0x0000000119d6b720]
Event: 0.203 Thread 0x00007fb65100a600  249       3       java.lang.String::replace (42 bytes)
Event: 0.203 Thread 0x00007fb65100a600 nmethod 249 0x0000000119d6b810 code [0x0000000119d6b9c0, 0x0000000119d6bcd0]
Event: 0.203 Thread 0x00007fb65100a600  250       3       jdk.internal.misc.Unsafe::allocateUninitializedArray (55 bytes)
Event: 0.203 Thread 0x00007fb65100a600 nmethod 250 0x0000000119d6bd90 code [0x0000000119d6bf80, 0x0000000119d6c3f0]
Event: 0.203 Thread 0x00007fb65100a600  251       3       java.lang.StringUTF16::getChar (60 bytes)
Event: 0.203 Thread 0x00007fb65100a600 nmethod 251 0x0000000119d6c590 code [0x0000000119d6c720, 0x0000000119d6c870]
Event: 0.204 Thread 0x00007fb651019400  252       4       java.lang.StringUTF16::getChar (60 bytes)
Event: 0.205 Thread 0x00007fb651019400 nmethod 252 0x000000012126b210 code [0x000000012126b380, 0x000000012126b418]

GC Heap History (0 events):
No events

Deoptimization events (4 events):
Event: 0.144 Thread 0x00007fb651009400 Uncommon trap: trap_request=0xfffffff4 fr.pc=0x0000000121265290 relative=0x0000000000000190
Event: 0.145 Thread 0x00007fb651009400 Uncommon trap: reason=null_check action=make_not_entrant pc=0x0000000121265290 method=java.lang.String.equals(Ljava/lang/Object;)Z @ 8 c2
Event: 0.145 Thread 0x00007fb651009400 DEOPT PACKING pc=0x0000000121265290 sp=0x00000003091cd650
Event: 0.145 Thread 0x00007fb651009400 DEOPT UNPACKING pc=0x00000001197dce1f sp=0x00000003091cd618 mode 2

Classes unloaded (0 events):
No events

Classes redefined (0 events):
No events

Internal exceptions (4 events):
Event: 0.144 Thread 0x00007fb651009400 Implicit null exception at 0x0000000121265135 to 0x0000000121265280
Event: 0.166 Thread 0x00007fb608010200 Exception <a 'java/lang/NoSuchMethodError'{0x0000000787ef2d58}: 'java.lang.Object java.lang.invoke.DirectMethodHandle$Holder.invokeStatic(java.lang.Object)'> (0x0000000787ef2d58) 
thrown [./open/src/hotspot/share/interpreter/linkResolver.cpp, line 782]
Event: 0.167 Thread 0x00007fb608010200 Exception <a 'java/lang/NoSuchMethodError'{0x0000000787ef6540}: 'java.lang.Object java.lang.invoke.DirectMethodHandle$Holder.invokeStaticInit(java.lang.Object)'> (0x0000000787ef6540) 
thrown [./open/src/hotspot/share/interpreter/linkResolver.cpp, line 782]
Event: 0.183 Thread 0x00007fb608010200 Exception <a 'java/lang/NoSuchMethodError'{0x0000000787d06090}: 'void java.lang.invoke.DirectMethodHandle$Holder.invokeStatic(java.lang.Object, java.lang.Object)'> (0x0000000787d06090) 
thrown [./open/src/hotspot/share/interpreter/linkResolver.cpp, line 782]

Events (20 events):
Event: 0.192 loading class sun/nio/ch/Util
Event: 0.192 loading class sun/nio/ch/Util done
Event: 0.192 loading class sun/nio/ch/Util$1
Event: 0.192 loading class sun/nio/ch/Util$1 done
Event: 0.193 loading class sun/nio/ch/Util$BufferCache
Event: 0.193 loading class sun/nio/ch/Util$BufferCache done
Event: 0.193 loading class sun/util/resources/LocaleData$CommonResourceBundleProvider
Event: 0.193 loading class sun/util/resources/LocaleData$LocaleDataResourceBundleProvider
Event: 0.193 loading class java/util/spi/ResourceBundleProvider
Event: 0.193 loading class java/util/spi/ResourceBundleProvider done
Event: 0.193 loading class sun/util/resources/LocaleData$LocaleDataResourceBundleProvider done
Event: 0.193 loading class sun/util/resources/LocaleData$CommonResourceBundleProvider done
Event: 0.193 loading class java/nio/DirectByteBuffer$Deallocator
Event: 0.193 loading class java/nio/DirectByteBuffer$Deallocator done
Event: 0.197 loading class sun/util/resources/Bundles$2
Event: 0.197 loading class sun/util/resources/Bundles$2 done
Event: 0.198 loading class java/lang/InstantiationException
Event: 0.198 loading class java/lang/InstantiationException done
Event: 0.198 loading class java/lang/IllegalAccessException
Event: 0.198 loading class java/lang/IllegalAccessException done


Dynamic libraries:
0x00007ffdffef4000 	/Library/Apple/usr/libexec/oah/runtime
0x00007fff2a67e000 	/usr/lib/libz.1.dylib
0x000000010a9d6000 	/Users/mathiasmadsen/Library/Java/JavaVirtualMachines/openjdk-15.0.2/Contents/Home/lib/libjli.dylib
0x00007fff352ad000 	/System/Library/Frameworks/Cocoa.framework/Versions/A/Cocoa
0x00007fff221f1000 	/System/Library/Frameworks/Security.framework/Versions/A/Security
0x00007fff33505000 	/System/Library/Frameworks/ApplicationServices.framework/Versions/A/ApplicationServices
0x00007fff2a74a000 	/usr/lib/libSystem.B.dylib
0x00007fff2a744000 	/usr/lib/system/libcache.dylib
0x00007fff2a700000 	/usr/lib/system/libcommonCrypto.dylib
0x00007fff2a72a000 	/usr/lib/system/libcompiler_rt.dylib
0x00007fff2a71f000 	/usr/lib/system/libcopyfile.dylib
0x00007fff20196000 	/usr/lib/system/libcorecrypto.dylib
0x00007fff2025f000 	/usr/lib/system/libdispatch.dylib
0x00007fff20414000 	/usr/lib/system/libdyld.dylib
0x00007fff2a73b000 	/usr/lib/system/libkeymgr.dylib
0x00007fff2dcd1000 	/usr/lib/system/liblaunch.dylib
0x00007fff2a6de000 	/usr/lib/system/libmacho.dylib
0x00007fff29ef3000 	/usr/lib/system/libquarantine.dylib
0x00007fff2a738000 	/usr/lib/system/libremovefile.dylib
0x00007fff24b7c000 	/usr/lib/system/libsystem_asl.dylib
0x00007fff20146000 	/usr/lib/system/libsystem_blocks.dylib
0x00007fff202e1000 	/usr/lib/system/libsystem_c.dylib
0x00007fff2a732000 	/usr/lib/system/libsystem_collections.dylib
0x00007fff292e0000 	/usr/lib/system/libsystem_configuration.dylib
0x00007fff285ca000 	/usr/lib/system/libsystem_containermanager.dylib
0x00007fff2a476000 	/usr/lib/system/libsystem_coreservices.dylib
0x00007fff227a3000 	/usr/lib/system/libsystem_darwin.dylib
0x00007fff2a73c000 	/usr/lib/system/libsystem_dnssd.dylib
0x00007fff202de000 	/usr/lib/system/libsystem_featureflags.dylib
0x00007fff2045a000 	/usr/lib/system/libsystem_info.dylib
0x00007fff2a691000 	/usr/lib/system/libsystem_m.dylib
0x00007fff20232000 	/usr/lib/system/libsystem_malloc.dylib
0x00007fff24b10000 	/usr/lib/system/libsystem_networkextension.dylib
0x00007fff22bbd000 	/usr/lib/system/libsystem_notify.dylib
0x00007fff3016f000 	/usr/lib/system/libsystem_product_info_filter.dylib
0x00007fff292e4000 	/usr/lib/system/libsystem_sandbox.dylib
0x00007fff2a735000 	/usr/lib/system/libsystem_secinit.dylib
0x00007fff203d9000 	/usr/lib/system/libsystem_kernel.dylib
0x00007fff20450000 	/usr/lib/system/libsystem_platform.dylib
0x00007fff20408000 	/usr/lib/system/libsystem_pthread.dylib
0x00007fff262a2000 	/usr/lib/system/libsystem_symptoms.dylib
0x00007fff2017e000 	/usr/lib/system/libsystem_trace.dylib
0x00007fff2a70c000 	/usr/lib/system/libunwind.dylib
0x00007fff20148000 	/usr/lib/system/libxpc.dylib
0x00007fff203c0000 	/usr/lib/libc++abi.dylib
0x00007fff202a4000 	/usr/lib/libobjc.A.dylib
0x00007fff2a717000 	/usr/lib/liboah.dylib
0x00007fff2036a000 	/usr/lib/libc++.1.dylib
0x00007fff20486000 	/System/Library/Frameworks/CoreFoundation.framework/Versions/A/CoreFoundation
0x00007fff21165000 	/System/Library/Frameworks/Foundation.framework/Versions/C/Foundation
0x00007fff22c15000 	/System/Library/Frameworks/AppKit.framework/Versions/C/AppKit
0x00007fff25ac2000 	/System/Library/Frameworks/CoreData.framework/Versions/A/CoreData
0x00007fff23971000 	/System/Library/PrivateFrameworks/UIFoundation.framework/Versions/A/UIFoundation
0x00007fff2fee8000 	/System/Library/PrivateFrameworks/RemoteViewServices.framework/Versions/A/RemoteViewServices
0x00007fff28c99000 	/System/Library/PrivateFrameworks/XCTTargetBootstrap.framework/Versions/A/XCTTargetBootstrap
0x00007fff2b9e7000 	/usr/lib/libspindump.dylib
0x00007fff23bc5000 	/System/Library/Frameworks/UniformTypeIdentifiers.framework/Versions/A/UniformTypeIdentifiers
0x00007fff2746c000 	/usr/lib/libapp_launch_measurement.dylib
0x00007fff2746f000 	/System/Library/PrivateFrameworks/CoreAutoLayout.framework/Versions/A/CoreAutoLayout
0x00007fff285fa000 	/System/Library/Frameworks/Metal.framework/Versions/A/Metal
0x00007fff292ef000 	/usr/lib/liblangid.dylib
0x00007fff28c9d000 	/System/Library/PrivateFrameworks/CoreSVG.framework/Versions/A/CoreSVG
0x00007fff24bab000 	/System/Library/PrivateFrameworks/SkyLight.framework/Versions/A/SkyLight
0x00007fff24f0a000 	/System/Library/Frameworks/CoreGraphics.framework/Versions/A/CoreGraphics
0x00007fff3053f000 	/System/Library/Frameworks/Accelerate.framework/Versions/A/Accelerate
0x00007fff2b422000 	/System/Library/PrivateFrameworks/IconServices.framework/Versions/A/IconServices
0x00007fff285db000 	/System/Library/Frameworks/IOSurface.framework/Versions/A/IOSurface
0x00007fff26454000 	/usr/lib/libDiagnosticMessagesClient.dylib
0x00007fff28c85000 	/System/Library/PrivateFrameworks/DFRFoundation.framework/Versions/A/DFRFoundation
0x00007fff22541000 	/usr/lib/libicucore.A.dylib
0x00007fff2cf22000 	/System/Library/Frameworks/AudioToolbox.framework/Versions/A/AudioToolbox
0x00007fff2c1cd000 	/System/Library/PrivateFrameworks/DataDetectorsCore.framework/Versions/A/DataDetectorsCore
0x00007fff28985000 	/System/Library/Frameworks/Carbon.framework/Versions/A/Frameworks/HIToolbox.framework/Versions/A/HIToolbox
0x00007fff26ed0000 	/System/Library/Frameworks/QuartzCore.framework/Versions/A/QuartzCore
0x00007fff2ff24000 	/System/Library/Frameworks/Carbon.framework/Versions/A/Frameworks/SpeechRecognition.framework/Versions/A/SpeechRecognition
0x00007fff271d4000 	/System/Library/PrivateFrameworks/CoreUI.framework/Versions/A/CoreUI
0x00007fff21b4d000 	/System/Library/Frameworks/CoreAudio.framework/Versions/A/CoreAudio
0x00007fff2653f000 	/System/Library/Frameworks/DiskArbitration.framework/Versions/A/DiskArbitration
0x00007fff2bddf000 	/System/Library/PrivateFrameworks/MultitouchSupport.framework/Versions/A/MultitouchSupport
0x00007fff2c1c4000 	/System/Library/PrivateFrameworks/InternationalSupport.framework/Versions/A/InternationalSupport
0x00007fff24b1f000 	/usr/lib/libenergytrace.dylib
0x00007fff22b0f000 	/System/Library/Frameworks/IOKit.framework/Versions/A/IOKit
0x00007fff30271000 	/System/Library/Frameworks/CoreServices.framework/Versions/A/CoreServices
0x00007fff27402000 	/System/Library/PrivateFrameworks/PerformanceAnalysis.framework/Versions/A/PerformanceAnalysis
0x00007fff6b75f000 	/System/Library/Frameworks/OpenGL.framework/Versions/A/OpenGL
0x00007fff2c249000 	/System/Library/PrivateFrameworks/UserActivity.framework/Versions/A/UserActivity
0x00007fff255c4000 	/System/Library/Frameworks/ColorSync.framework/Versions/A/ColorSync
0x00007fff28f08000 	/System/Library/Frameworks/CoreImage.framework/Versions/A/CoreImage
0x00007fff21963000 	/System/Library/Frameworks/CoreText.framework/Versions/A/CoreText
0x00007fff28cc7000 	/System/Library/Frameworks/ImageIO.framework/Versions/A/ImageIO
0x00007fff2a750000 	/System/Library/PrivateFrameworks/SoftLinking.framework/Versions/A/SoftLinking
0x00007fff274b7000 	/usr/lib/libxml2.2.dylib
0x00007fff2a9c2000 	/usr/lib/libcompression.dylib
0x00007fff24b20000 	/usr/lib/libMobileGestalt.dylib
0x00007fff2c0f7000 	/System/Library/PrivateFrameworks/TextureIO.framework/Versions/A/TextureIO
0x00007fff2b0b0000 	/usr/lib/libate.dylib
0x00007fff2addb000 	/usr/lib/liblzma.5.dylib
0x00007fff20e7b000 	/System/Library/Frameworks/SystemConfiguration.framework/Versions/A/SystemConfiguration
0x00007fff2a74c000 	/usr/lib/libfakelink.dylib
0x00007fff24673000 	/System/Library/Frameworks/CFNetwork.framework/Versions/A/CFNetwork
0x00007fff2a88c000 	/usr/lib/libarchive.2.dylib
0x00007fff20ef8000 	/usr/lib/libCRFSuite.dylib
0x00007fff29f1a000 	/usr/lib/libbsm.0.dylib
0x00007fff2402f000 	/usr/lib/libnetwork.dylib
0x00007fff2a751000 	/usr/lib/libpcap.A.dylib
0x00007fff2629b000 	/usr/lib/libdns_services.dylib
0x00007fff2adf4000 	/usr/lib/libcoretls_cfhelpers.dylib
0x00007fff2a990000 	/usr/lib/libapple_nghttp2.dylib
0x00007fff2a6e4000 	/usr/lib/system/libkxld.dylib
0x00007fff25f09000 	/usr/lib/libsqlite3.dylib
0x00007fff2a458000 	/System/Library/PrivateFrameworks/AppleFSCompression.framework/Versions/A/AppleFSCompression
0x00007fff29f02000 	/usr/lib/libcoretls.dylib
0x00007fff2a9bd000 	/usr/lib/libpam.2.dylib
0x00007fff2aef1000 	/usr/lib/libxar.1.dylib
0x00007fff292eb000 	/System/Library/PrivateFrameworks/AppleSystemInfo.framework/Versions/A/AppleSystemInfo
0x00007fff29b45000 	/System/Library/PrivateFrameworks/IOMobileFramebuffer.framework/Versions/A/IOMobileFramebuffer
0x00007fff2a468000 	/usr/lib/libbz2.1.0.dylib
0x00007fff2a789000 	/usr/lib/libiconv.2.dylib
0x00007fff2a6dd000 	/usr/lib/libcharset.1.dylib
0x00007fff2743e000 	/System/Library/Frameworks/CoreServices.framework/Versions/A/Frameworks/FSEvents.framework/Versions/A/FSEvents
0x00007fff227ad000 	/System/Library/Frameworks/CoreServices.framework/Versions/A/Frameworks/CarbonCore.framework/Versions/A/CarbonCore
0x00007fff264a4000 	/System/Library/Frameworks/CoreServices.framework/Versions/A/Frameworks/Metadata.framework/Versions/A/Metadata
0x00007fff2a47b000 	/System/Library/Frameworks/CoreServices.framework/Versions/A/Frameworks/OSServices.framework/Versions/A/OSServices
0x00007fff2a8fe000 	/System/Library/Frameworks/CoreServices.framework/Versions/A/Frameworks/SearchKit.framework/Versions/A/SearchKit
0x00007fff26225000 	/System/Library/Frameworks/CoreServices.framework/Versions/A/Frameworks/AE.framework/Versions/A/AE
0x00007fff20922000 	/System/Library/Frameworks/CoreServices.framework/Versions/A/Frameworks/LaunchServices.framework/Versions/A/LaunchServices
0x00007fff2ad8c000 	/System/Library/Frameworks/CoreServices.framework/Versions/A/Frameworks/DictionaryServices.framework/Versions/A/DictionaryServices
0x00007fff27447000 	/System/Library/Frameworks/CoreServices.framework/Versions/A/Frameworks/SharedFileList.framework/Versions/A/SharedFileList
0x00007fff29ef6000 	/usr/lib/libCheckFix.dylib
0x00007fff24b93000 	/System/Library/PrivateFrameworks/TCC.framework/Versions/A/TCC
0x00007fff292f1000 	/System/Library/PrivateFrameworks/CoreNLP.framework/Versions/A/CoreNLP
0x00007fff26457000 	/System/Library/PrivateFrameworks/MetadataUtilities.framework/Versions/A/MetadataUtilities
0x00007fff20f2e000 	/usr/lib/libmecabra.dylib
0x00007fff2a20a000 	/System/Library/Frameworks/MLCompute.framework/Versions/A/MLCompute
0x00007fff29f2b000 	/usr/lib/libmecab.dylib
0x00007fff29f75000 	/usr/lib/libgermantok.dylib
0x00007fff2a966000 	/usr/lib/libThaiTokenizer.dylib
0x00007fff2af2c000 	/usr/lib/libChineseTokenizer.dylib
0x00007fff2a9bb000 	/System/Library/Frameworks/MetalPerformanceShaders.framework/Versions/A/MetalPerformanceShaders
0x00007fff26546000 	/System/Library/Frameworks/Accelerate.framework/Versions/A/Frameworks/vImage.framework/Versions/A/vImage
0x00007fff3024a000 	/System/Library/Frameworks/Accelerate.framework/Versions/A/Frameworks/vecLib.framework/Versions/A/vecLib
0x00007fff2af37000 	/System/Library/Frameworks/Accelerate.framework/Versions/A/Frameworks/vecLib.framework/Versions/A/libvMisc.dylib
0x00007fff299a1000 	/System/Library/Frameworks/Accelerate.framework/Versions/A/Frameworks/vecLib.framework/Versions/A/libvDSP.dylib
0x00007fff20c25000 	/System/Library/Frameworks/Accelerate.framework/Versions/A/Frameworks/vecLib.framework/Versions/A/libBLAS.dylib
0x00007fff2a9e1000 	/System/Library/Frameworks/Accelerate.framework/Versions/A/Frameworks/vecLib.framework/Versions/A/libLAPACK.dylib
0x00007fff29f7b000 	/System/Library/Frameworks/Accelerate.framework/Versions/A/Frameworks/vecLib.framework/Versions/A/libLinearAlgebra.dylib
0x00007fff2a9a8000 	/System/Library/Frameworks/Accelerate.framework/Versions/A/Frameworks/vecLib.framework/Versions/A/libSparseBLAS.dylib
0x00007fff2a9db000 	/System/Library/Frameworks/Accelerate.framework/Versions/A/Frameworks/vecLib.framework/Versions/A/libQuadrature.dylib
0x00007fff29399000 	/System/Library/Frameworks/Accelerate.framework/Versions/A/Frameworks/vecLib.framework/Versions/A/libBNNS.dylib
0x00007fff20e0c000 	/System/Library/Frameworks/Accelerate.framework/Versions/A/Frameworks/vecLib.framework/Versions/A/libSparse.dylib
0x00007fff29284000 	/System/Library/Frameworks/MetalPerformanceShaders.framework/Versions/A/Frameworks/MPSCore.framework/Versions/A/MPSCore
0x00007fff2a3c7000 	/System/Library/Frameworks/MetalPerformanceShaders.framework/Versions/A/Frameworks/MPSImage.framework/Versions/A/MPSImage
0x00007fff29f92000 	/System/Library/Frameworks/MetalPerformanceShaders.framework/Versions/A/Frameworks/MPSNeuralNetwork.framework/Versions/A/MPSNeuralNetwork
0x00007fff2a352000 	/System/Library/Frameworks/MetalPerformanceShaders.framework/Versions/A/Frameworks/MPSMatrix.framework/Versions/A/MPSMatrix
0x00007fff2a1ba000 	/System/Library/Frameworks/MetalPerformanceShaders.framework/Versions/A/Frameworks/MPSRayIntersector.framework/Versions/A/MPSRayIntersector
0x00007fff2a389000 	/System/Library/Frameworks/MetalPerformanceShaders.framework/Versions/A/Frameworks/MPSNDArray.framework/Versions/A/MPSNDArray
0x00007fff20b51000 	/System/Library/PrivateFrameworks/MetalTools.framework/Versions/A/MetalTools
0x00007fff292e9000 	/System/Library/PrivateFrameworks/AggregateDictionary.framework/Versions/A/AggregateDictionary
0x00007fff2642f000 	/System/Library/PrivateFrameworks/CoreAnalytics.framework/Versions/A/CoreAnalytics
0x00007fff2a968000 	/System/Library/PrivateFrameworks/AppleSauce.framework/Versions/A/AppleSauce
0x00007fff285ed000 	/System/Library/PrivateFrameworks/IOAccelerator.framework/Versions/A/IOAccelerator
0x00007fff6b753000 	/System/Library/Frameworks/OpenGL.framework/Versions/A/Libraries/libCoreFSCache.dylib
0x00007fff214c9000 	/System/Library/PrivateFrameworks/LanguageModeling.framework/Versions/A/LanguageModeling
0x00007fff29b32000 	/System/Library/PrivateFrameworks/CoreEmoji.framework/Versions/A/CoreEmoji
0x00007fff29392000 	/System/Library/PrivateFrameworks/LinguisticData.framework/Versions/A/LinguisticData
0x00007fff20dbe000 	/System/Library/PrivateFrameworks/Lexicon.framework/Versions/A/Lexicon
0x00007fff2a87a000 	/usr/lib/libcmph.dylib
0x00007fff2741e000 	/System/Library/Frameworks/OpenDirectory.framework/Versions/A/Frameworks/CFOpenDirectory.framework/Versions/A/CFOpenDirectory
0x00007fff2740e000 	/System/Library/Frameworks/OpenDirectory.framework/Versions/A/OpenDirectory
0x00007fff2adf6000 	/System/Library/PrivateFrameworks/APFS.framework/Versions/A/APFS
0x00007fff29e57000 	/System/Library/Frameworks/SecurityFoundation.framework/Versions/A/SecurityFoundation
0x00007fff2aeff000 	/usr/lib/libutil.dylib
0x00007fff22ad4000 	/System/Library/PrivateFrameworks/CoreServicesStore.framework/Versions/A/CoreServicesStore
0x00007fff29eee000 	/System/Library/Frameworks/ServiceManagement.framework/Versions/A/ServiceManagement
0x00007fff2af03000 	/usr/lib/libxslt.1.dylib
0x00007fff29ee4000 	/System/Library/PrivateFrameworks/BackgroundTaskManagement.framework/Versions/A/BackgroundTaskManagement
0x00007fff2c042000 	/System/Library/Frameworks/ImageIO.framework/Versions/A/Resources/libRadiance.dylib
0x00007fff2c04b000 	/System/Library/Frameworks/ImageIO.framework/Versions/A/Resources/libJPEG.dylib
0x00007fff2bf99000 	/System/Library/Frameworks/ImageIO.framework/Versions/A/Resources/libPng.dylib
0x00007fff2bfc0000 	/System/Library/Frameworks/ImageIO.framework/Versions/A/Resources/libTIFF.dylib
0x00007fff2c0a0000 	/System/Library/Frameworks/ImageIO.framework/Versions/A/Resources/libGIF.dylib
0x00007fff2bcfd000 	/System/Library/Frameworks/ImageIO.framework/Versions/A/Resources/libJP2.dylib
0x00007fff2b3e9000 	/usr/lib/libexpat.1.dylib
0x00007fff2bcb3000 	/System/Library/PrivateFrameworks/AppleJPEG.framework/Versions/A/AppleJPEG
0x00007fff28828000 	/System/Library/PrivateFrameworks/FontServices.framework/libFontParser.dylib
0x00007fff261d9000 	/System/Library/PrivateFrameworks/RunningBoardServices.framework/Versions/A/RunningBoardServices
0x00007fff2bddb000 	/System/Library/PrivateFrameworks/WatchdogClient.framework/Versions/A/WatchdogClient
0x00007fff215b6000 	/System/Library/Frameworks/CoreDisplay.framework/Versions/A/CoreDisplay
0x00007fff2873d000 	/System/Library/Frameworks/CoreMedia.framework/Versions/A/CoreMedia
0x00007fff2759a000 	/System/Library/Frameworks/CoreVideo.framework/Versions/A/CoreVideo
0x00007fff2be13000 	/System/Library/Frameworks/VideoToolbox.framework/Versions/A/VideoToolbox
0x00007fff26157000 	/System/Library/PrivateFrameworks/BaseBoard.framework/Versions/A/BaseBoard
0x00007fff2b52e000 	/System/Library/PrivateFrameworks/PersistentConnection.framework/Versions/A/PersistentConnection
0x00007fff25ef2000 	/System/Library/PrivateFrameworks/ProtocolBuffer.framework/Versions/A/ProtocolBuffer
0x00007fff2613e000 	/System/Library/PrivateFrameworks/CommonUtilities.framework/Versions/A/CommonUtilities
0x00007fff2bc48000 	/System/Library/PrivateFrameworks/Bom.framework/Versions/A/Bom
0x00007fff2c03b000 	/System/Library/PrivateFrameworks/GPUWrangler.framework/Versions/A/GPUWrangler
0x00007fff2c01e000 	/System/Library/PrivateFrameworks/IOPresentment.framework/Versions/A/IOPresentment
0x00007fff2c045000 	/System/Library/PrivateFrameworks/DSExternalDisplay.framework/Versions/A/DSExternalDisplay
0x00007fff2c0a5000 	/System/Library/PrivateFrameworks/CMCaptureCore.framework/Versions/A/CMCaptureCore
0x00007fff2b9ce000 	/System/Library/PrivateFrameworks/AppServerSupport.framework/Versions/A/AppServerSupport
0x00007fff2da72000 	/System/Library/PrivateFrameworks/perfdata.framework/Versions/A/perfdata
0x00007fff29e46000 	/System/Library/PrivateFrameworks/AssertionServices.framework/Versions/A/AssertionServices
0x00007fff216ed000 	/System/Library/PrivateFrameworks/AudioToolboxCore.framework/Versions/A/AudioToolboxCore
0x00007fff28720000 	/System/Library/PrivateFrameworks/caulk.framework/Versions/A/caulk
0x00007fff3cd01000 	/System/Library/PrivateFrameworks/SystemPolicy.framework/Versions/A/SystemPolicy
0x00007fff2b1df000 	/usr/lib/libIOReport.dylib
0x00007fff2d294000 	/usr/lib/libSMC.dylib
0x00007fff2bf66000 	/usr/lib/libAudioToolboxUtility.dylib
0x00007fff3d666000 	/usr/lib/libmis.dylib
0x00007fff6b7af000 	/System/Library/Frameworks/OpenGL.framework/Versions/A/Libraries/libGLU.dylib
0x00007fff6b772000 	/System/Library/Frameworks/OpenGL.framework/Versions/A/Libraries/libGFXShared.dylib
0x00007fff6b981000 	/System/Library/Frameworks/OpenGL.framework/Versions/A/Libraries/libGL.dylib
0x00007fff6b77b000 	/System/Library/Frameworks/OpenGL.framework/Versions/A/Libraries/libGLImage.dylib
0x00007fff6b76f000 	/System/Library/Frameworks/OpenGL.framework/Versions/A/Libraries/libCVMSPluginSupport.dylib
0x00007fff6b75a000 	/System/Library/Frameworks/OpenGL.framework/Versions/A/Libraries/libCoreVMClient.dylib
0x00007fff6cdc2000 	/System/Library/Frameworks/OpenCL.framework/Versions/A/OpenCL
0x00007fff2b558000 	/System/Library/PrivateFrameworks/GraphVisualizer.framework/Versions/A/GraphVisualizer
0x00007fff2b567000 	/System/Library/PrivateFrameworks/FaceCore.framework/Versions/A/FaceCore
0x00007fff2b983000 	/System/Library/PrivateFrameworks/OTSVG.framework/Versions/A/OTSVG
0x00007fff27192000 	/System/Library/Frameworks/ApplicationServices.framework/Versions/A/Frameworks/ATS.framework/Versions/A/Resources/libFontRegistry.dylib
0x00007fff2b9d5000 	/System/Library/PrivateFrameworks/FontServices.framework/libhvf.dylib
0x00007fff2b395000 	/System/Library/PrivateFrameworks/AppleVA.framework/Versions/A/AppleVA
0x00007fff2d0dd000 	/System/Library/Frameworks/ApplicationServices.framework/Versions/A/Frameworks/ATS.framework/Versions/A/ATS
0x00007fff2d3ef000 	/System/Library/Frameworks/ApplicationServices.framework/Versions/A/Frameworks/ColorSyncLegacy.framework/Versions/A/ColorSyncLegacy
0x00007fff256bb000 	/System/Library/Frameworks/ApplicationServices.framework/Versions/A/Frameworks/HIServices.framework/Versions/A/HIServices
0x00007fff2d3d4000 	/System/Library/Frameworks/ApplicationServices.framework/Versions/A/Frameworks/LangAnalysis.framework/Versions/A/LangAnalysis
0x00007fff2c0af000 	/System/Library/Frameworks/ApplicationServices.framework/Versions/A/Frameworks/PrintCore.framework/Versions/A/PrintCore
0x00007fff2d3f7000 	/System/Library/Frameworks/ApplicationServices.framework/Versions/A/Frameworks/QD.framework/Versions/A/QD
0x00007fff2d0cd000 	/System/Library/Frameworks/ApplicationServices.framework/Versions/A/Frameworks/SpeechSynthesis.framework/Versions/A/SpeechSynthesis
0x00007fff2c070000 	/System/Library/Frameworks/ApplicationServices.framework/Versions/A/Frameworks/ATSUI.framework/Versions/A/ATSUI
0x00007fff2d374000 	/usr/lib/libcups.2.dylib
0x00007fff2d3e4000 	/System/Library/PrivateFrameworks/NetAuth.framework/Versions/A/NetAuth
0x00007fff2da8e000 	/System/Library/Frameworks/Kerberos.framework/Versions/A/Kerberos
0x00007fff2da9e000 	/System/Library/Frameworks/GSS.framework/Versions/A/GSS
0x00007fff2d149000 	/usr/lib/libresolv.9.dylib
0x00007fff2b9ea000 	/System/Library/PrivateFrameworks/Heimdal.framework/Versions/A/Heimdal
0x00007fff33805000 	/System/Library/Frameworks/Kerberos.framework/Versions/A/Libraries/libHeimdalProxy.dylib
0x00007fff262aa000 	/System/Library/Frameworks/Network.framework/Versions/A/Network
0x00007fff2b403000 	/usr/lib/libheimdal-asn1.dylib
0x00007fff2daee000 	/System/Library/PrivateFrameworks/CommonAuth.framework/Versions/A/CommonAuth
0x00007fff275e7000 	/System/Library/PrivateFrameworks/login.framework/Versions/A/Frameworks/loginsupport.framework/Versions/A/loginsupport
0x00007fff2d052000 	/System/Library/PrivateFrameworks/AudioSession.framework/Versions/A/AudioSession
0x00007fff2d0ba000 	/usr/lib/libAudioStatistics.dylib
0x00007fff2b490000 	/System/Library/PrivateFrameworks/MediaExperience.framework/Versions/A/MediaExperience
0x00007fff2cef0000 	/System/Library/PrivateFrameworks/AudioSession.framework/libSessionUtility.dylib
0x00007fff2da7f000 	/usr/lib/libperfcheck.dylib
0x00007fff2d403000 	/System/Library/PrivateFrameworks/AudioResourceArbitration.framework/Versions/A/AudioResourceArbitration
0x00007fff2b40d000 	/System/Library/PrivateFrameworks/IconFoundation.framework/Versions/A/IconFoundation
0x00007fff2ff14000 	/System/Library/PrivateFrameworks/SpeechRecognitionCore.framework/Versions/A/SpeechRecognitionCore
0x000000010f000000 	/Users/mathiasmadsen/Library/Java/JavaVirtualMachines/openjdk-15.0.2/Contents/Home/lib/server/libjvm.dylib
0x000000010aa5e000 	/Users/mathiasmadsen/Library/Java/JavaVirtualMachines/openjdk-15.0.2/Contents/Home/lib/libjimage.dylib
0x000000010aa78000 	/Users/mathiasmadsen/Library/Java/JavaVirtualMachines/openjdk-15.0.2/Contents/Home/lib/libinstrument.dylib
0x000000010aa9d000 	/Users/mathiasmadsen/Library/Java/JavaVirtualMachines/openjdk-15.0.2/Contents/Home/lib/libjava.dylib
0x000000010af61000 	/Users/mathiasmadsen/Library/Java/JavaVirtualMachines/openjdk-15.0.2/Contents/Home/lib/libzip.dylib
0x000000010af8b000 	/Users/mathiasmadsen/Library/Java/JavaVirtualMachines/openjdk-15.0.2/Contents/Home/lib/libnio.dylib
0x000000010afb9000 	/Users/mathiasmadsen/Library/Java/JavaVirtualMachines/openjdk-15.0.2/Contents/Home/lib/libnet.dylib
0x0000000131ba4000 	/Users/mathiasmadsen/Library/Java/JavaVirtualMachines/openjdk-15.0.2/Contents/Home/lib/libextnet.dylib


VM Arguments:
jvm_args: -javaagent:/Applications/IntelliJ IDEA.app/Contents/lib/idea_rt.jar=58937:/Applications/IntelliJ IDEA.app/Contents/bin -Dfile.encoding=UTF-8 
java_command: Opvarmning
java_class_path (initial): /Users/mathiasmadsen/IdeaProjects/Opvarmingsvelse/out/production/Opvarmingsvelse
Launcher Type: SUN_STANDARD

[Global flags]
     intx CICompilerCount                          = 4                                         {product} {ergonomic}
     uint ConcGCThreads                            = 2                                         {product} {ergonomic}
     uint G1ConcRefinementThreads                  = 8                                         {product} {ergonomic}
   size_t G1HeapRegionSize                         = 1048576                                   {product} {ergonomic}
    uintx GCDrainStackTargetSize                   = 64                                        {product} {ergonomic}
   size_t InitialHeapSize                          = 134217728                                 {product} {ergonomic}
   size_t MarkStackSize                            = 4194304                                   {product} {ergonomic}
   size_t MaxHeapSize                              = 2147483648                                {product} {ergonomic}
   size_t MaxNewSize                               = 1287651328                                {product} {ergonomic}
   size_t MinHeapDeltaBytes                        = 1048576                                   {product} {ergonomic}
   size_t MinHeapSize                              = 8388608                                   {product} {ergonomic}
    uintx NonNMethodCodeHeapSize                   = 5839372                                {pd product} {ergonomic}
    uintx NonProfiledCodeHeapSize                  = 122909434                              {pd product} {ergonomic}
    uintx ProfiledCodeHeapSize                     = 122909434                              {pd product} {ergonomic}
    uintx ReservedCodeCacheSize                    = 251658240                              {pd product} {ergonomic}
     bool SegmentedCodeCache                       = true                                      {product} {ergonomic}
   size_t SoftMaxHeapSize                          = 2147483648                             {manageable} {ergonomic}
     bool UseCompressedClassPointers               = true                                 {lp64_product} {ergonomic}
     bool UseCompressedOops                        = true                                 {lp64_product} {ergonomic}
     bool UseG1GC                                  = true                                      {product} {ergonomic}
     bool UseNUMA                                  = false                                     {product} {ergonomic}
     bool UseNUMAInterleaving                      = false                                     {product} {ergonomic}

Logging:
Log output configuration:
 #0: stdout all=warning uptime,level,tags
 #1: stderr all=off uptime,level,tags

Environment Variables:
PATH=/usr/local/bin:/usr/bin:/bin:/usr/sbin:/sbin:/Library/Apple/usr/bin
SHELL=/bin/zsh
LC_CTYPE=da_DK.UTF-8

Signal Handlers:
SIGSEGV: [libjvm.dylib+0xa01020], sa_mask[0]=11111111111111111111111111111111, sa_flags=SA_ONSTACK|SA_RESTART|SA_SIGINFO
SIGBUS: [libjvm.dylib+0xa01020], sa_mask[0]=11111111111111111111111111111111, sa_flags=SA_RESTART|SA_SIGINFO
SIGFPE: [libjvm.dylib+0xa01020], sa_mask[0]=11111111111111111111111111111111, sa_flags=SA_RESTART|SA_SIGINFO
SIGPIPE: [libjvm.dylib+0x82c500], sa_mask[0]=11111111111111111111111111111111, sa_flags=SA_RESTART|SA_SIGINFO
SIGXFSZ: [libjvm.dylib+0x82c500], sa_mask[0]=11111111111111111111111111111111, sa_flags=SA_RESTART|SA_SIGINFO
SIGILL: [libjvm.dylib+0xa01020], sa_mask[0]=11111111111111111111111111111111, sa_flags=SA_RESTART|SA_SIGINFO
SIGUSR2: [libjvm.dylib+0x82d010], sa_mask[0]=00100000000000000000000000000000, sa_flags=SA_RESTART|SA_SIGINFO
SIGHUP: [libjvm.dylib+0x82b710], sa_mask[0]=11111111111111111111111111111111, sa_flags=SA_RESTART|SA_SIGINFO
SIGINT: [libjvm.dylib+0x82b710], sa_mask[0]=11111111111111111111111111111111, sa_flags=SA_RESTART|SA_SIGINFO
SIGTERM: [libjvm.dylib+0x82b710], sa_mask[0]=11111111111111111111111111111111, sa_flags=SA_RESTART|SA_SIGINFO
SIGQUIT: [libjvm.dylib+0x82b710], sa_mask[0]=11111111111111111111111111111111, sa_flags=SA_RESTART|SA_SIGINFO


---------------  S Y S T E M  ---------------

OS:uname: Darwin 20.1.0 Darwin Kernel Version 20.1.0: Sun Oct 18 15:32:00 PDT 2020; root:xnu-7195.41.8~9/RELEASE_ARM64_T8101 x86_64
OS uptime: 3 days 13:19 hours
rlimit (soft/hard): STACK 8176k/65520k , CORE 0k/infinity , NPROC 1333/2000 , NOFILE 10240/infinity , AS infinity/infinity , CPU infinity/infinity , DATA infinity/infinity , FSIZE infinity/infinity , MEMLOCK infinity/infinity , RSS infinity/infinity
load average: 1.70 1.58 1.35

CPU: total 8 (initial active 8) (1 cores per cpu, 1 threads per core) family 6 model 44 stepping 0 microcode 0x0, cmov, cx8, fxsr, mmx, sse, sse2, sse3, ssse3, sse4.1, sse4.2, popcnt, aes, clmul, tsc, tscinvbit, tscinv, clflush

Memory: 4k page, physical 8388608k(21492k free), swap 2097152k(1269760k free)

vm_info: OpenJDK 64-Bit Server VM (15.0.2+7-27) for bsd-amd64 JRE (15.0.2+7-27), built on Dec  7 2020 20:01:12 by "mach5one" with clang 4.2.1 Compatible Apple LLVM 10.0.0 (clang-1000.11.45.5)

END.
